# JRE version: OpenJDK Runtime Environment (11.0.15) (build 11.0.15+0-b2043.56-9505619)
# Java VM: OpenJDK 64-Bit Server VM (11.0.15+0-b2043.56-9505619, mixed mode, tiered, compressed oops, g1 gc, windows-amd64)
Heap:
 garbage-first heap   total 187392K, used 112845K [0x0000000080000000, 0x0000000100000000)
  region size 1024K, 47 young (48128K), 7 survivors (7168K)
 Metaspace       used 85864K, capacity 88308K, committed 88476K, reserved 1126400K
  class space    used 11262K, capacity 12178K, committed 12312K, reserved 1048576K
GC Heap History (20 events):
Event: 5.017 GC heap before
{Heap before GC invocations=6 (full 0):
 garbage-first heap   total 129024K, used 39117K [0x0000000080000000, 0x0000000100000000)
  region size 1024K, 24 young (24576K), 5 survivors (5120K)
 Metaspace       used 35064K, capacity 35957K, committed 36048K, reserved 1081344K
  class space    used 4567K, capacity 4921K, committed 4940K, reserved 1048576K
}
Event: 5.027 GC heap after
{Heap after GC invocations=7 (full 0):
 garbage-first heap   total 129024K, used 22693K [0x0000000080000000, 0x0000000100000000)
  region size 1024K, 7 young (7168K), 7 survivors (7168K)
 Metaspace       used 35064K, capacity 35957K, committed 36048K, reserved 1081344K
  class space    used 4567K, capacity 4921K, committed 4940K, reserved 1048576K
}
Event: 5.798 GC heap before
{Heap before GC invocations=8 (full 0):
 garbage-first heap   total 129024K, used 86181K [0x0000000080000000, 0x0000000100000000)
  region size 1024K, 66 young (67584K), 7 survivors (7168K)
 Metaspace       used 40646K, capacity 41619K, committed 41884K, reserved 1085440K
  class space    used 5139K, capacity 5521K, committed 5656K, reserved 1048576K
}
Event: 5.813 GC heap after
{Heap after GC invocations=9 (full 0):
 garbage-first heap   total 155648K, used 28082K [0x0000000080000000, 0x0000000100000000)
  region size 1024K, 9 young (9216K), 9 survivors (9216K)
 Metaspace       used 40646K, capacity 41619K, committed 41884K, reserved 1085440K
  class space    used 5139K, capacity 5521K, committed 5656K, reserved 1048576K
}
Event: 6.838 GC heap before
{Heap before GC invocations=10 (full 0):
 garbage-first heap   total 155648K, used 102834K [0x0000000080000000, 0x0000000100000000)
  region size 1024K, 81 young (82944K), 9 survivors (9216K)
 Metaspace       used 46732K, capacity 47869K, committed 48028K, reserved 1091584K
  class space    used 5966K, capacity 6380K, committed 6424K, reserved 1048576K
}
Event: 6.850 GC heap after
{Heap after GC invocations=11 (full 0):
 garbage-first heap   total 155648K, used 30808K [0x0000000080000000, 0x0000000100000000)
  region size 1024K, 8 young (8192K), 8 survivors (8192K)
 Metaspace       used 46732K, capacity 47869K, committed 48028K, reserved 1091584K
  class space    used 5966K, capacity 6380K, committed 6424K, reserved 1048576K
}
Event: 8.103 GC heap before
{Heap before GC invocations=11 (full 0):
 garbage-first heap   total 155648K, used 108632K [0x0000000080000000, 0x0000000100000000)
  region size 1024K, 82 young (83968K), 8 survivors (8192K)
 Metaspace       used 51029K, capacity 52413K, committed 52508K, reserved 1095680K
  class space    used 6483K, capacity 7030K, committed 7064K, reserved 1048576K
}
Event: 8.114 GC heap after
{Heap after GC invocations=12 (full 0):
 garbage-first heap   total 155648K, used 40960K [0x0000000080000000, 0x0000000100000000)
  region size 1024K, 11 young (11264K), 11 survivors (11264K)
 Metaspace       used 51029K, capacity 52413K, committed 52508K, reserved 1095680K
  class space    used 6483K, capacity 7030K, committed 7064K, reserved 1048576K
}
Event: 9.257 GC heap before
{Heap before GC invocations=12 (full 0):
 garbage-first heap   total 155648K, used 117760K [0x0000000080000000, 0x0000000100000000)
  region size 1024K, 81 young (82944K), 11 survivors (11264K)
 Metaspace       used 60159K, capacity 61820K, committed 61980K, reserved 1103872K
  class space    used 7628K, capacity 8247K, committed 8344K, reserved 1048576K
}
Event: 9.268 GC heap after
{Heap after GC invocations=13 (full 0):
 garbage-first heap   total 155648K, used 52099K [0x0000000080000000, 0x0000000100000000)
  region size 1024K, 9 young (9216K), 9 survivors (9216K)
 Metaspace       used 60159K, capacity 61820K, committed 61980K, reserved 1103872K
  class space    used 7628K, capacity 8247K, committed 8344K, reserved 1048576K
}
Event: 10.170 GC heap before
{Heap before GC invocations=13 (full 0):
 garbage-first heap   total 155648K, used 116611K [0x0000000080000000, 0x0000000100000000)
  region size 1024K, 70 young (71680K), 9 survivors (9216K)
 Metaspace       used 64895K, capacity 66561K, committed 66716K, reserved 1107968K
  class space    used 8247K, capacity 8911K, committed 8984K, reserved 1048576K
}
Event: 10.178 GC heap after
{Heap after GC invocations=14 (full 0):
 garbage-first heap   total 187392K, used 50170K [0x0000000080000000, 0x0000000100000000)
  region size 1024K, 4 young (4096K), 4 survivors (4096K)
 Metaspace       used 64895K, capacity 66561K, committed 66716K, reserved 1107968K
  class space    used 8247K, capacity 8911K, committed 8984K, reserved 1048576K
}
Event: 10.909 GC heap before
{Heap before GC invocations=14 (full 0):
 garbage-first heap   total 187392K, used 114682K [0x0000000080000000, 0x0000000100000000)
  region size 1024K, 68 young (69632K), 4 survivors (4096K)
 Metaspace       used 67935K, capacity 69643K, committed 69788K, reserved 1110016K
  class space    used 8716K, capacity 9403K, committed 9496K, reserved 1048576K
}
Event: 10.920 GC heap after
{Heap after GC invocations=15 (full 0):
 garbage-first heap   total 187392K, used 54129K [0x0000000080000000, 0x0000000100000000)
  region size 1024K, 8 young (8192K), 8 survivors (8192K)
 Metaspace       used 67935K, capacity 69643K, committed 69788K, reserved 1110016K
  class space    used 8716K, capacity 9403K, committed 9496K, reserved 1048576K
}
Event: 12.489 GC heap before
{Heap before GC invocations=16 (full 0):
 garbage-first heap   total 187392K, used 135025K [0x0000000080000000, 0x0000000100000000)
  region size 1024K, 87 young (89088K), 8 survivors (8192K)
 Metaspace       used 75624K, capacity 77561K, committed 77724K, reserved 1116160K
  class space    used 9953K, capacity 10686K, committed 10776K, reserved 1048576K
}
Event: 12.502 GC heap after
{Heap after GC invocations=17 (full 0):
 garbage-first heap   total 187392K, used 59064K [0x0000000080000000, 0x0000000100000000)
  region size 1024K, 10 young (10240K), 10 survivors (10240K)
 Metaspace       used 75624K, capacity 77561K, committed 77724K, reserved 1116160K
  class space    used 9953K, capacity 10686K, committed 10776K, reserved 1048576K
}
Event: 13.359 GC heap before
{Heap before GC invocations=17 (full 0):
 garbage-first heap   total 187392K, used 139960K [0x0000000080000000, 0x0000000100000000)
  region size 1024K, 89 young (91136K), 10 survivors (10240K)
 Metaspace       used 79975K, capacity 82008K, committed 82332K, reserved 1120256K
  class space    used 10464K, capacity 11214K, committed 11288K, reserved 1048576K
}
Event: 13.373 GC heap after
{Heap after GC invocations=18 (full 0):
 garbage-first heap   total 187392K, used 66560K [0x0000000080000000, 0x0000000100000000)
  region size 1024K, 12 young (12288K), 12 survivors (12288K)
 Metaspace       used 79975K, capacity 82008K, committed 82332K, reserved 1120256K
  class space    used 10464K, capacity 11214K, committed 11288K, reserved 1048576K
}
Event: 14.469 GC heap before
{Heap before GC invocations=18 (full 0):
 garbage-first heap   total 187392K, used 143360K [0x0000000080000000, 0x0000000100000000)
  region size 1024K, 88 young (90112K), 12 survivors (12288K)
 Metaspace       used 82670K, capacity 85192K, committed 85276K, reserved 1122304K
  class space    used 10939K, capacity 11869K, committed 11928K, reserved 1048576K
}
Event: 14.500 GC heap after
{Heap after GC invocations=19 (full 0):
 garbage-first heap   total 187392K, used 73933K [0x0000000080000000, 0x0000000100000000)
  region size 1024K, 7 young (7168K), 7 survivors (7168K)
 Metaspace       used 82670K, capacity 85192K, committed 85276K, reserved 1122304K
  class space    used 10939K, capacity 11869K, committed 11928K, reserved 1048576K
}

