# JRE version: OpenJDK Runtime Environment (11.0.15) (build 11.0.15+0-b2043.56-9505619)
# Java VM: OpenJDK 64-Bit Server VM (11.0.15+0-b2043.56-9505619, mixed mode, tiered, compressed oops, g1 gc, windows-amd64)
Heap:
 garbage-first heap   total 155648K, used 90963K [0x0000000080000000, 0x0000000100000000)
  region size 1024K, 42 young (43008K), 3 survivors (3072K)
 Metaspace       used 62404K, capacity 64025K, committed 64168K, reserved 1105920K
  class space    used 7898K, capacity 8523K, committed 8576K, reserved 1048576K
GC Heap History (20 events):
Event: 3.088 GC heap before
{Heap before GC invocations=1 (full 0):
 garbage-first heap   total 129024K, used 83855K [0x0000000080000000, 0x0000000100000000)
  region size 1024K, 75 young (76800K), 3 survivors (3072K)
 Metaspace       used 18108K, capacity 18498K, committed 18688K, reserved 1064960K
  class space    used 2128K, capacity 2279K, committed 2304K, reserved 1048576K
}
Event: 3.098 GC heap after
{Heap after GC invocations=2 (full 0):
 garbage-first heap   total 129024K, used 16523K [0x0000000080000000, 0x0000000100000000)
  region size 1024K, 10 young (10240K), 10 survivors (10240K)
 Metaspace       used 18108K, capacity 18498K, committed 18688K, reserved 1064960K
  class space    used 2128K, capacity 2279K, committed 2304K, reserved 1048576K
}
Event: 3.434 GC heap before
{Heap before GC invocations=2 (full 0):
 garbage-first heap   total 129024K, used 40075K [0x0000000080000000, 0x0000000100000000)
  region size 1024K, 34 young (34816K), 10 survivors (10240K)
 Metaspace       used 20802K, capacity 21189K, committed 21296K, reserved 1069056K
  class space    used 2527K, capacity 2687K, committed 2688K, reserved 1048576K
}
Event: 3.444 GC heap after
{Heap after GC invocations=3 (full 0):
 garbage-first heap   total 129024K, used 17418K [0x0000000080000000, 0x0000000100000000)
  region size 1024K, 1 young (1024K), 1 survivors (1024K)
 Metaspace       used 20802K, capacity 21189K, committed 21296K, reserved 1069056K
  class space    used 2527K, capacity 2687K, committed 2688K, reserved 1048576K
}
Event: 4.188 GC heap before
{Heap before GC invocations=4 (full 0):
 garbage-first heap   total 129024K, used 65546K [0x0000000080000000, 0x0000000100000000)
  region size 1024K, 48 young (49152K), 1 survivors (1024K)
 Metaspace       used 25788K, capacity 26369K, committed 26624K, reserved 1073152K
  class space    used 3339K, capacity 3549K, committed 3584K, reserved 1048576K
}
Event: 4.191 GC heap after
{Heap after GC invocations=5 (full 0):
 garbage-first heap   total 129024K, used 19058K [0x0000000080000000, 0x0000000100000000)
  region size 1024K, 3 young (3072K), 3 survivors (3072K)
 Metaspace       used 25788K, capacity 26369K, committed 26624K, reserved 1073152K
  class space    used 3339K, capacity 3549K, committed 3584K, reserved 1048576K
}
Event: 4.976 GC heap before
{Heap before GC invocations=5 (full 0):
 garbage-first heap   total 129024K, used 71282K [0x0000000080000000, 0x0000000100000000)
  region size 1024K, 54 young (55296K), 3 survivors (3072K)
 Metaspace       used 30493K, capacity 31195K, committed 31360K, reserved 1077248K
  class space    used 4074K, capacity 4355K, committed 4480K, reserved 1048576K
}
Event: 4.981 GC heap after
{Heap after GC invocations=6 (full 0):
 garbage-first heap   total 129024K, used 20619K [0x0000000080000000, 0x0000000100000000)
  region size 1024K, 5 young (5120K), 5 survivors (5120K)
 Metaspace       used 30493K, capacity 31195K, committed 31360K, reserved 1077248K
  class space    used 4074K, capacity 4355K, committed 4480K, reserved 1048576K
}
Event: 5.493 GC heap before
{Heap before GC invocations=6 (full 0):
 garbage-first heap   total 129024K, used 42123K [0x0000000080000000, 0x0000000100000000)
  region size 1024K, 27 young (27648K), 5 survivors (5120K)
 Metaspace       used 35009K, capacity 35889K, committed 35968K, reserved 1081344K
  class space    used 4566K, capacity 4921K, committed 4992K, reserved 1048576K
}
Event: 5.504 GC heap after
{Heap after GC invocations=7 (full 0):
 garbage-first heap   total 129024K, used 22622K [0x0000000080000000, 0x0000000100000000)
  region size 1024K, 7 young (7168K), 7 survivors (7168K)
 Metaspace       used 35009K, capacity 35889K, committed 35968K, reserved 1081344K
  class space    used 4566K, capacity 4921K, committed 4992K, reserved 1048576K
}
Event: 6.270 GC heap before
{Heap before GC invocations=8 (full 0):
 garbage-first heap   total 129024K, used 84062K [0x0000000080000000, 0x0000000100000000)
  region size 1024K, 64 young (65536K), 7 survivors (7168K)
 Metaspace       used 40613K, capacity 41614K, committed 41884K, reserved 1085440K
  class space    used 5134K, capacity 5521K, committed 5632K, reserved 1048576K
}
Event: 6.280 GC heap after
{Heap after GC invocations=9 (full 0):
 garbage-first heap   total 129024K, used 28120K [0x0000000080000000, 0x0000000100000000)
  region size 1024K, 8 young (8192K), 8 survivors (8192K)
 Metaspace       used 40613K, capacity 41614K, committed 41884K, reserved 1085440K
  class space    used 5134K, capacity 5521K, committed 5632K, reserved 1048576K
}
Event: 7.087 GC heap before
{Heap before GC invocations=9 (full 0):
 garbage-first heap   total 129024K, used 86488K [0x0000000080000000, 0x0000000100000000)
  region size 1024K, 65 young (66560K), 8 survivors (8192K)
 Metaspace       used 45581K, capacity 46666K, committed 46876K, reserved 1089536K
  class space    used 5793K, capacity 6192K, committed 6272K, reserved 1048576K
}
Event: 7.098 GC heap after
{Heap after GC invocations=10 (full 0):
 garbage-first heap   total 155648K, used 31126K [0x0000000080000000, 0x0000000100000000)
  region size 1024K, 8 young (8192K), 8 survivors (8192K)
 Metaspace       used 45581K, capacity 46666K, committed 46876K, reserved 1089536K
  class space    used 5793K, capacity 6192K, committed 6272K, reserved 1048576K
}
Event: 8.130 GC heap before
{Heap before GC invocations=10 (full 0):
 garbage-first heap   total 155648K, used 98710K [0x0000000080000000, 0x0000000100000000)
  region size 1024K, 75 young (76800K), 8 survivors (8192K)
 Metaspace       used 49297K, capacity 50578K, committed 50716K, reserved 1093632K
  class space    used 6257K, capacity 6749K, committed 6784K, reserved 1048576K
}
Event: 8.139 GC heap after
{Heap after GC invocations=11 (full 0):
 garbage-first heap   total 155648K, used 33695K [0x0000000080000000, 0x0000000100000000)
  region size 1024K, 6 young (6144K), 6 survivors (6144K)
 Metaspace       used 49297K, capacity 50578K, committed 50716K, reserved 1093632K
  class space    used 6257K, capacity 6749K, committed 6784K, reserved 1048576K
}
Event: 9.478 GC heap before
{Heap before GC invocations=11 (full 0):
 garbage-first heap   total 155648K, used 106399K [0x0000000080000000, 0x0000000100000000)
  region size 1024K, 75 young (76800K), 6 survivors (6144K)
 Metaspace       used 57018K, capacity 58591K, committed 58780K, reserved 1099776K
  class space    used 7241K, capacity 7878K, committed 7936K, reserved 1048576K
}
Event: 9.487 GC heap after
{Heap after GC invocations=12 (full 0):
 garbage-first heap   total 155648K, used 42806K [0x0000000080000000, 0x0000000100000000)
  region size 1024K, 10 young (10240K), 10 survivors (10240K)
 Metaspace       used 57018K, capacity 58591K, committed 58780K, reserved 1099776K
  class space    used 7241K, capacity 7878K, committed 7936K, reserved 1048576K
}
Event: 9.727 GC heap before
{Heap before GC invocations=12 (full 0):
 garbage-first heap   total 155648K, used 53046K [0x0000000080000000, 0x0000000100000000)
  region size 1024K, 21 young (21504K), 10 survivors (10240K)
 Metaspace       used 58886K, capacity 60466K, committed 60572K, reserved 1101824K
  class space    used 7474K, capacity 8096K, committed 8192K, reserved 1048576K
}
Event: 9.742 GC heap after
{Heap after GC invocations=13 (full 0):
 garbage-first heap   total 155648K, used 44883K [0x0000000080000000, 0x0000000100000000)
  region size 1024K, 3 young (3072K), 3 survivors (3072K)
 Metaspace       used 58886K, capacity 60466K, committed 60572K, reserved 1101824K
  class space    used 7474K, capacity 8096K, committed 8192K, reserved 1048576K
}

