# JRE version: OpenJDK Runtime Environment (11.0.15) (build 11.0.15+0-b2043.56-9505619)
# Java VM: OpenJDK 64-Bit Server VM (11.0.15+0-b2043.56-9505619, mixed mode, tiered, compressed oops, g1 gc, windows-amd64)
Heap:
 garbage-first heap   total 424960K, used 165888K [0x0000000080000000, 0x0000000100000000)
  region size 1024K, 7 young (7168K), 7 survivors (7168K)
 Metaspace       used 117155K, capacity 120799K, committed 121000K, reserved 1155072K
  class space    used 14979K, capacity 16454K, committed 16536K, reserved 1048576K
GC Heap History (20 events):
Event: 28.122 GC heap after
{Heap after GC invocations=51 (full 0):
 garbage-first heap   total 354304K, used 168833K [0x0000000080000000, 0x0000000100000000)
  region size 1024K, 10 young (10240K), 10 survivors (10240K)
 Metaspace       used 112798K, capacity 116149K, committed 116776K, reserved 1150976K
  class space    used 14522K, capacity 15856K, committed 16152K, reserved 1048576K
}
Event: 28.153 GC heap before
{Heap before GC invocations=51 (full 0):
 garbage-first heap   total 354304K, used 176001K [0x0000000080000000, 0x0000000100000000)
  region size 1024K, 17 young (17408K), 10 survivors (10240K)
 Metaspace       used 112903K, capacity 116252K, committed 117032K, reserved 1150976K
  class space    used 14546K, capacity 15888K, committed 16152K, reserved 1048576K
}
Event: 28.165 GC heap after
{Heap after GC invocations=52 (full 0):
 garbage-first heap   total 354304K, used 160456K [0x0000000080000000, 0x0000000100000000)
  region size 1024K, 2 young (2048K), 2 survivors (2048K)
 Metaspace       used 112903K, capacity 116252K, committed 117032K, reserved 1150976K
  class space    used 14546K, capacity 15888K, committed 16152K, reserved 1048576K
}
Event: 28.714 GC heap before
{Heap before GC invocations=52 (full 0):
 garbage-first heap   total 354304K, used 260808K [0x0000000080000000, 0x0000000100000000)
  region size 1024K, 100 young (102400K), 2 survivors (2048K)
 Metaspace       used 113858K, capacity 117266K, committed 117928K, reserved 1150976K
  class space    used 14630K, capacity 15980K, committed 16280K, reserved 1048576K
}
Event: 28.723 GC heap after
{Heap after GC invocations=53 (full 0):
 garbage-first heap   total 354304K, used 159998K [0x0000000080000000, 0x0000000100000000)
  region size 1024K, 2 young (2048K), 2 survivors (2048K)
 Metaspace       used 113858K, capacity 117266K, committed 117928K, reserved 1150976K
  class space    used 14630K, capacity 15980K, committed 16280K, reserved 1048576K
}
Event: 29.158 GC heap before
{Heap before GC invocations=53 (full 0):
 garbage-first heap   total 354304K, used 265470K [0x0000000080000000, 0x0000000100000000)
  region size 1024K, 105 young (107520K), 2 survivors (2048K)
 Metaspace       used 114068K, capacity 117405K, committed 117928K, reserved 1150976K
  class space    used 14637K, capacity 15983K, committed 16280K, reserved 1048576K
}
Event: 29.164 GC heap after
{Heap after GC invocations=54 (full 0):
 garbage-first heap   total 354304K, used 160381K [0x0000000080000000, 0x0000000100000000)
  region size 1024K, 2 young (2048K), 2 survivors (2048K)
 Metaspace       used 114068K, capacity 117405K, committed 117928K, reserved 1150976K
  class space    used 14637K, capacity 15983K, committed 16280K, reserved 1048576K
}
Event: 29.732 GC heap before
{Heap before GC invocations=54 (full 0):
 garbage-first heap   total 354304K, used 270973K [0x0000000080000000, 0x0000000100000000)
  region size 1024K, 110 young (112640K), 2 survivors (2048K)
 Metaspace       used 115126K, capacity 118569K, committed 118696K, reserved 1153024K
  class space    used 14790K, capacity 16180K, committed 16280K, reserved 1048576K
}
Event: 29.740 GC heap after
{Heap after GC invocations=55 (full 0):
 garbage-first heap   total 354304K, used 160843K [0x0000000080000000, 0x0000000100000000)
  region size 1024K, 3 young (3072K), 3 survivors (3072K)
 Metaspace       used 115126K, capacity 118569K, committed 118696K, reserved 1153024K
  class space    used 14790K, capacity 16180K, committed 16280K, reserved 1048576K
}
Event: 30.246 GC heap before
{Heap before GC invocations=55 (full 0):
 garbage-first heap   total 354304K, used 276555K [0x0000000080000000, 0x0000000100000000)
  region size 1024K, 116 young (118784K), 3 survivors (3072K)
 Metaspace       used 116083K, capacity 119784K, committed 119976K, reserved 1153024K
  class space    used 14961K, capacity 16441K, committed 16536K, reserved 1048576K
}
Event: 30.258 GC heap after
{Heap after GC invocations=56 (full 0):
 garbage-first heap   total 354304K, used 162435K [0x0000000080000000, 0x0000000100000000)
  region size 1024K, 4 young (4096K), 4 survivors (4096K)
 Metaspace       used 116083K, capacity 119784K, committed 119976K, reserved 1153024K
  class space    used 14961K, capacity 16441K, committed 16536K, reserved 1048576K
}
Event: 30.786 GC heap before
{Heap before GC invocations=56 (full 0):
 garbage-first heap   total 354304K, used 285315K [0x0000000080000000, 0x0000000100000000)
  region size 1024K, 125 young (128000K), 4 survivors (4096K)
 Metaspace       used 116411K, capacity 120126K, committed 120232K, reserved 1153024K
  class space    used 14963K, capacity 16445K, committed 16536K, reserved 1048576K
}
Event: 30.797 GC heap after
{Heap after GC invocations=57 (full 0):
 garbage-first heap   total 354304K, used 161407K [0x0000000080000000, 0x0000000100000000)
  region size 1024K, 3 young (3072K), 3 survivors (3072K)
 Metaspace       used 116411K, capacity 120126K, committed 120232K, reserved 1153024K
  class space    used 14963K, capacity 16445K, committed 16536K, reserved 1048576K
}
Event: 31.196 GC heap before
{Heap before GC invocations=57 (full 0):
 garbage-first heap   total 354304K, used 287359K [0x0000000080000000, 0x0000000100000000)
  region size 1024K, 127 young (130048K), 3 survivors (3072K)
 Metaspace       used 116562K, capacity 120265K, committed 120488K, reserved 1153024K
  class space    used 14966K, capacity 16445K, committed 16536K, reserved 1048576K
}
Event: 31.212 GC heap after
{Heap after GC invocations=58 (full 0):
 garbage-first heap   total 354304K, used 165913K [0x0000000080000000, 0x0000000100000000)
  region size 1024K, 8 young (8192K), 8 survivors (8192K)
 Metaspace       used 116562K, capacity 120265K, committed 120488K, reserved 1153024K
  class space    used 14966K, capacity 16445K, committed 16536K, reserved 1048576K
}
Event: 31.508 GC heap before
{Heap before GC invocations=58 (full 0):
 garbage-first heap   total 354304K, used 291865K [0x0000000080000000, 0x0000000100000000)
  region size 1024K, 131 young (134144K), 8 survivors (8192K)
 Metaspace       used 116746K, capacity 120464K, committed 120744K, reserved 1153024K
  class space    used 14972K, capacity 16445K, committed 16536K, reserved 1048576K
}
Event: 31.518 GC heap after
{Heap after GC invocations=59 (full 0):
 garbage-first heap   total 354304K, used 164838K [0x0000000080000000, 0x0000000100000000)
  region size 1024K, 6 young (6144K), 6 survivors (6144K)
 Metaspace       used 116746K, capacity 120464K, committed 120744K, reserved 1153024K
  class space    used 14972K, capacity 16445K, committed 16536K, reserved 1048576K
}
Event: 31.789 GC heap before
{Heap before GC invocations=59 (full 0):
 garbage-first heap   total 354304K, used 294886K [0x0000000080000000, 0x0000000100000000)
  region size 1024K, 133 young (136192K), 6 survivors (6144K)
 Metaspace       used 116987K, capacity 120644K, committed 120744K, reserved 1153024K
  class space    used 14978K, capacity 16453K, committed 16536K, reserved 1048576K
}
Event: 31.802 GC heap after
{Heap after GC invocations=60 (full 0):
 garbage-first heap   total 354304K, used 166568K [0x0000000080000000, 0x0000000100000000)
  region size 1024K, 8 young (8192K), 8 survivors (8192K)
 Metaspace       used 116987K, capacity 120644K, committed 120744K, reserved 1153024K
  class space    used 14978K, capacity 16453K, committed 16536K, reserved 1048576K
}
Event: 32.048 GC heap before
{Heap before GC invocations=60 (full 0):
 garbage-first heap   total 354304K, used 297640K [0x0000000080000000, 0x0000000100000000)
  region size 1024K, 136 young (139264K), 8 survivors (8192K)
 Metaspace       used 117155K, capacity 120799K, committed 121000K, reserved 1155072K
  class space    used 14979K, capacity 16454K, committed 16536K, reserved 1048576K
}

