# JRE version: OpenJDK Runtime Environment (11.0.15) (build 11.0.15+0-b2043.56-9505619)
# Java VM: OpenJDK 64-Bit Server VM (11.0.15+0-b2043.56-9505619, mixed mode, tiered, compressed oops, g1 gc, windows-amd64)
Heap:
 garbage-first heap   total 229376K, used 102156K [0x0000000080000000, 0x0000000100000000)
  region size 1024K, 1 young (1024K), 1 survivors (1024K)
 Metaspace       used 93911K, capacity 96503K, committed 96816K, reserved 1132544K
  class space    used 11880K, capacity 12863K, committed 13004K, reserved 1048576K
GC Heap History (20 events):
Event: 29.902 GC heap after
{Heap after GC invocations=28 (full 0):
 garbage-first heap   total 155648K, used 104226K [0x0000000080000000, 0x0000000100000000)
  region size 1024K, 4 young (4096K), 4 survivors (4096K)
 Metaspace       used 88759K, capacity 91275K, committed 91824K, reserved 1128448K
  class space    used 11478K, capacity 12411K, committed 12620K, reserved 1048576K
}
Event: 30.229 GC heap before
{Heap before GC invocations=28 (full 0):
 garbage-first heap   total 155648K, used 117538K [0x0000000080000000, 0x0000000100000000)
  region size 1024K, 19 young (19456K), 4 survivors (4096K)
 Metaspace       used 88799K, capacity 91275K, committed 91824K, reserved 1128448K
  class space    used 11481K, capacity 12411K, committed 12620K, reserved 1048576K
}
Event: 30.244 GC heap after
{Heap after GC invocations=29 (full 0):
 garbage-first heap   total 155648K, used 109228K [0x0000000080000000, 0x0000000100000000)
  region size 1024K, 4 young (4096K), 4 survivors (4096K)
 Metaspace       used 88799K, capacity 91275K, committed 91824K, reserved 1128448K
  class space    used 11481K, capacity 12411K, committed 12620K, reserved 1048576K
}
Event: 30.647 GC heap before
{Heap before GC invocations=30 (full 0):
 garbage-first heap   total 155648K, used 143020K [0x0000000080000000, 0x0000000100000000)
  region size 1024K, 21 young (21504K), 4 survivors (4096K)
 Metaspace       used 89173K, capacity 91645K, committed 92080K, reserved 1128448K
  class space    used 11505K, capacity 12457K, committed 12620K, reserved 1048576K
}
Event: 30.657 GC heap after
{Heap after GC invocations=31 (full 0):
 garbage-first heap   total 155648K, used 112199K [0x0000000080000000, 0x0000000100000000)
  region size 1024K, 3 young (3072K), 3 survivors (3072K)
 Metaspace       used 89173K, capacity 91645K, committed 92080K, reserved 1128448K
  class space    used 11505K, capacity 12457K, committed 12620K, reserved 1048576K
}
Event: 30.776 GC heap before
{Heap before GC invocations=31 (full 0):
 garbage-first heap   total 155648K, used 127559K [0x0000000080000000, 0x0000000100000000)
  region size 1024K, 19 young (19456K), 3 survivors (3072K)
 Metaspace       used 89908K, capacity 92448K, committed 92976K, reserved 1130496K
  class space    used 11581K, capacity 12573K, committed 12748K, reserved 1048576K
}
Event: 30.788 GC heap after
{Heap after GC invocations=32 (full 0):
 garbage-first heap   total 155648K, used 115371K [0x0000000080000000, 0x0000000100000000)
  region size 1024K, 3 young (3072K), 3 survivors (3072K)
 Metaspace       used 89908K, capacity 92448K, committed 92976K, reserved 1130496K
  class space    used 11581K, capacity 12573K, committed 12748K, reserved 1048576K
}
Event: 31.204 GC heap before
{Heap before GC invocations=33 (full 0):
 garbage-first heap   total 155648K, used 118443K [0x0000000080000000, 0x0000000100000000)
  region size 1024K, 17 young (17408K), 3 survivors (3072K)
 Metaspace       used 92300K, capacity 94937K, committed 95536K, reserved 1132544K
  class space    used 11771K, capacity 12774K, committed 13004K, reserved 1048576K
}
Event: 31.249 GC heap after
{Heap after GC invocations=34 (full 0):
 garbage-first heap   total 187392K, used 106745K [0x0000000080000000, 0x0000000100000000)
  region size 1024K, 2 young (2048K), 2 survivors (2048K)
 Metaspace       used 92300K, capacity 94937K, committed 95536K, reserved 1132544K
  class space    used 11771K, capacity 12774K, committed 13004K, reserved 1048576K
}
Event: 31.374 GC heap before
{Heap before GC invocations=34 (full 0):
 garbage-first heap   total 187392K, used 113913K [0x0000000080000000, 0x0000000100000000)
  region size 1024K, 9 young (9216K), 2 survivors (2048K)
 Metaspace       used 92488K, capacity 95065K, committed 95536K, reserved 1132544K
  class space    used 11779K, capacity 12774K, committed 13004K, reserved 1048576K
}
Event: 31.377 GC heap after
{Heap after GC invocations=35 (full 0):
 garbage-first heap   total 187392K, used 90301K [0x0000000080000000, 0x0000000100000000)
  region size 1024K, 2 young (2048K), 2 survivors (2048K)
 Metaspace       used 92488K, capacity 95065K, committed 95536K, reserved 1132544K
  class space    used 11779K, capacity 12774K, committed 13004K, reserved 1048576K
}
Event: 31.669 GC heap before
{Heap before GC invocations=35 (full 0):
 garbage-first heap   total 187392K, used 124093K [0x0000000080000000, 0x0000000100000000)
  region size 1024K, 36 young (36864K), 2 survivors (2048K)
 Metaspace       used 92651K, capacity 95207K, committed 95792K, reserved 1132544K
  class space    used 11779K, capacity 12774K, committed 13004K, reserved 1048576K
}
Event: 31.674 GC heap after
{Heap after GC invocations=36 (full 0):
 garbage-first heap   total 187392K, used 90796K [0x0000000080000000, 0x0000000100000000)
  region size 1024K, 2 young (2048K), 2 survivors (2048K)
 Metaspace       used 92651K, capacity 95207K, committed 95792K, reserved 1132544K
  class space    used 11779K, capacity 12774K, committed 13004K, reserved 1048576K
}
Event: 32.266 GC heap before
{Heap before GC invocations=37 (full 0):
 garbage-first heap   total 187392K, used 128684K [0x0000000080000000, 0x0000000100000000)
  region size 1024K, 39 young (39936K), 2 survivors (2048K)
 Metaspace       used 93642K, capacity 96220K, committed 96560K, reserved 1132544K
  class space    used 11859K, capacity 12855K, committed 13004K, reserved 1048576K
}
Event: 32.274 GC heap after
{Heap after GC invocations=38 (full 0):
 garbage-first heap   total 187392K, used 94772K [0x0000000080000000, 0x0000000100000000)
  region size 1024K, 5 young (5120K), 5 survivors (5120K)
 Metaspace       used 93642K, capacity 96220K, committed 96560K, reserved 1132544K
  class space    used 11859K, capacity 12855K, committed 13004K, reserved 1048576K
}
Event: 32.294 GC heap before
{Heap before GC invocations=38 (full 0):
 garbage-first heap   total 187392K, used 100916K [0x0000000080000000, 0x0000000100000000)
  region size 1024K, 9 young (9216K), 5 survivors (5120K)
 Metaspace       used 93694K, capacity 96284K, committed 96816K, reserved 1132544K
  class space    used 11864K, capacity 12855K, committed 13004K, reserved 1048576K
}
Event: 32.302 GC heap after
{Heap after GC invocations=39 (full 0):
 garbage-first heap   total 187392K, used 97393K [0x0000000080000000, 0x0000000100000000)
  region size 1024K, 2 young (2048K), 2 survivors (2048K)
 Metaspace       used 93694K, capacity 96284K, committed 96816K, reserved 1132544K
  class space    used 11864K, capacity 12855K, committed 13004K, reserved 1048576K
}
Event: 32.605 GC heap before
{Heap before GC invocations=39 (full 0):
 garbage-first heap   total 187392K, used 133233K [0x0000000080000000, 0x0000000100000000)
  region size 1024K, 38 young (38912K), 2 survivors (2048K)
 Metaspace       used 93899K, capacity 96500K, committed 96816K, reserved 1132544K
  class space    used 11880K, capacity 12863K, committed 13004K, reserved 1048576K
}
Event: 32.618 GC heap after
{Heap after GC invocations=40 (full 0):
 garbage-first heap   total 187392K, used 101253K [0x0000000080000000, 0x0000000100000000)
  region size 1024K, 5 young (5120K), 5 survivors (5120K)
 Metaspace       used 93899K, capacity 96500K, committed 96816K, reserved 1132544K
  class space    used 11880K, capacity 12863K, committed 13004K, reserved 1048576K
}
Event: 33.112 GC heap before
{Heap before GC invocations=41 (full 0):
 garbage-first heap   total 187392K, used 138117K [0x0000000080000000, 0x0000000100000000)
  region size 1024K, 43 young (44032K), 5 survivors (5120K)
 Metaspace       used 93911K, capacity 96503K, committed 96816K, reserved 1132544K
  class space    used 11880K, capacity 12863K, committed 13004K, reserved 1048576K
}

